#
# There is insufficient memory for the Java Runtime Environment to continue.
# Native memory allocation (mmap) failed to map 134217728 bytes for G1 virtual space
# Possible reasons:
#   The system is out of physical RAM or swap space
#   The process is running with CompressedOops enabled, and the Java Heap may be blocking the growth of the native heap
# Possible solutions:
#   Reduce memory load on the system
#   Increase physical memory or swap space
#   Check if swap backing store is full
#   Decrease Java heap size (-Xmx/-Xms)
#   Decrease number of Java threads
#   Decrease Java thread stack sizes (-Xss)
#   Set larger code cache with -XX:ReservedCodeCacheSize=
#   JVM is running with Unscaled Compressed Oops mode in which the Java heap is
#     placed in the first 4GB address space. The Java Heap base address is the
#     maximum limit for the native heap growth. Please use -XX:HeapBaseMinAddress
#     to set the Java Heap base and to place the Java Heap above 4GB virtual address.
# This output file may be truncated or incomplete.
#
#  Out of Memory Error (os_windows.cpp:3528), pid=1648, tid=13456
#
# JRE version:  (20.0.1+9) (build )
# Java VM: Java HotSpot(TM) 64-Bit Server VM (20.0.1+9-29, mixed mode, sharing, tiered, compressed oops, compressed class ptrs, g1 gc, windows-amd64)
# No core dump will be written. Minidumps are not enabled by default on client versions of Windows
#

---------------  S U M M A R Y ------------

Command Line: GUI.MainWindow

Host: Intel(R) Core(TM) i5-8250U CPU @ 1.60GHz, 8 cores, 7G,  Windows 10 , 64 bit Build 19041 (10.0.19041.2913)
Time: Sun Jun 11 03:23:41 2023 SE Asia Standard Time elapsed time: 0.012818 seconds (0d 0h 0m 0s)

---------------  T H R E A D  ---------------

Current thread (0x000001fc5c89d7d0):  JavaThread "Unknown thread" [_thread_in_vm, id=13456, stack(0x0000003f22000000,0x0000003f22100000)]

Stack: [0x0000003f22000000,0x0000003f22100000]
Native frames: (J=compiled Java code, j=interpreted, Vv=VM code, C=native code)
V  [jvm.dll+0x6bb95a]
V  [jvm.dll+0x8485fa]
V  [jvm.dll+0x84a1f5]
V  [jvm.dll+0x84a8f3]
V  [jvm.dll+0x280b0f]
V  [jvm.dll+0x6b86e9]
V  [jvm.dll+0x6ad2da]
V  [jvm.dll+0x35adf5]
V  [jvm.dll+0x363016]
V  [jvm.dll+0x3b3b3e]
V  [jvm.dll+0x3b3dc5]
V  [jvm.dll+0x32b50a]
V  [jvm.dll+0x32c32b]
V  [jvm.dll+0x8112bf]
V  [jvm.dll+0x3c0d91]
V  [jvm.dll+0x7fcfe3]
V  [jvm.dll+0x44c76f]
V  [jvm.dll+0x44e0e1]
C  [jli.dll+0x5287]
C  [ucrtbase.dll+0x21bb2]
C  [KERNEL32.DLL+0x17614]
C  [ntdll.dll+0x526a1]


---------------  P R O C E S S  ---------------

Threads class SMR info:
_java_thread_list=0x00007ffcaa77a098, length=0, elements={
}

Java Threads: ( => current thread )

Other Threads:
  0x000001fc5c8fd340 WorkerThread "GC Thread#0" [stack: 0x0000003f22100000,0x0000003f22200000] [id=1516]
  0x000001fc5c90e070 ConcurrentGCThread "G1 Main Marker" [stack: 0x0000003f22200000,0x0000003f22300000] [id=15116]
  0x000001fc5c90f240 WorkerThread "G1 Conc#0" [stack: 0x0000003f22300000,0x0000003f22400000] [id=9612]

[error occurred during error reporting (printing all threads), id 0xc0000005, EXCEPTION_ACCESS_VIOLATION (0xc0000005) at pc=0x00007ffca9f5eb47]
VM state: not at safepoint (not fully initialized)

VM Mutex/Monitor currently owned by a thread:  ([mutex/lock_event])
[0x000001fc5c898b20] Heap_lock - owner thread: 0x000001fc5c89d7d0

Heap address: 0x0000000081c00000, size: 2020 MB, Compressed Oops mode: 32-bit

CDS archive(s) mapped at: [0x0000000000000000-0x0000000000000000-0x0000000000000000), size 0, SharedBaseAddress: 0x0000000800000000, ArchiveRelocationMode: 0.
Narrow klass base: 0x0000000000000000, Narrow klass shift: 0, Narrow klass range: 0x0

GC Precious Log:
 CardTable entry size: 512
 Card Set container configuration: InlinePtr #cards 5 size 8 Array Of Cards #cards 12 size 40 Howl #buckets 4 coarsen threshold 1843 Howl Bitmap #cards 512 size 80 coarsen threshold 460 Card regions per heap region 1 cards per card region 2048

Heap:
 garbage-first heap   total 0K, used 0K [0x0000000081c00000, 0x0000000100000000)
  region size 1024K, 0 young (0K), 0 survivors (0K)

[error occurred during error reporting (printing heap information), id 0xc0000005, EXCEPTION_ACCESS_VIOLATION (0xc0000005) at pc=0x00007ffcaa333c59]
GC Heap History (0 events):
No events

Dll operation events (1 events):
Event: 0.009 Loaded shared library C:\Program Files\Java\jdk-20\bin\java.dll

Deoptimization events (0 events):
No events

Classes loaded (0 events):
No events

Classes unloaded (0 events):
No events

Classes redefined (0 events):
No events

Internal exceptions (0 events):
No events

VM Operations (0 events):
No events

Events (0 events):
No events


Dynamic libraries:
0x00007ff657540000 - 0x00007ff657550000 	C:\Program Files\Java\jdk-20\bin\java.exe
0x00007ffd09410000 - 0x00007ffd09608000 	C:\WINDOWS\SYSTEM32\ntdll.dll
0x00007ffd08a60000 - 0x00007ffd08b1f000 	C:\WINDOWS\System32\KERNEL32.DLL
0x00007ffd06c20000 - 0x00007ffd06f16000 	C:\WINDOWS\System32\KERNELBASE.dll
0x00007ffd06af0000 - 0x00007ffd06bf0000 	C:\WINDOWS\System32\ucrtbase.dll
0x00007ffcf0550000 - 0x00007ffcf0569000 	C:\Program Files\Java\jdk-20\bin\jli.dll
0x00007ffcf0580000 - 0x00007ffcf059b000 	C:\Program Files\Java\jdk-20\bin\VCRUNTIME140.dll
0x00007ffd08950000 - 0x00007ffd089ff000 	C:\WINDOWS\System32\ADVAPI32.dll
0x00007ffd07b30000 - 0x00007ffd07bce000 	C:\WINDOWS\System32\msvcrt.dll
0x00007ffd07de0000 - 0x00007ffd07e7c000 	C:\WINDOWS\System32\sechost.dll
0x00007ffd08b20000 - 0x00007ffd08c46000 	C:\WINDOWS\System32\RPCRT4.dll
0x00007ffd07620000 - 0x00007ffd077bd000 	C:\WINDOWS\System32\USER32.dll
0x00007ffceeff0000 - 0x00007ffcef28a000 	C:\WINDOWS\WinSxS\amd64_microsoft.windows.common-controls_6595b64144ccf1df_6.0.19041.1110_none_60b5254171f9507e\COMCTL32.dll
0x00007ffd07220000 - 0x00007ffd07242000 	C:\WINDOWS\System32\win32u.dll
0x00007ffd08a30000 - 0x00007ffd08a5c000 	C:\WINDOWS\System32\GDI32.dll
0x00007ffd072a0000 - 0x00007ffd073b5000 	C:\WINDOWS\System32\gdi32full.dll
0x00007ffd07180000 - 0x00007ffd0721d000 	C:\WINDOWS\System32\msvcp_win.dll
0x00007ffcfe7a0000 - 0x00007ffcfe7aa000 	C:\WINDOWS\SYSTEM32\VERSION.dll
0x00007ffd08a00000 - 0x00007ffd08a30000 	C:\WINDOWS\System32\IMM32.DLL
0x00007ffd022b0000 - 0x00007ffd022bc000 	C:\Program Files\Java\jdk-20\bin\vcruntime140_1.dll
0x00007ffcc2220000 - 0x00007ffcc22ae000 	C:\Program Files\Java\jdk-20\bin\msvcp140.dll
0x00007ffca9c20000 - 0x00007ffcaa8b7000 	C:\Program Files\Java\jdk-20\bin\server\jvm.dll
0x00007ffcec440000 - 0x00007ffcec449000 	C:\WINDOWS\SYSTEM32\WSOCK32.dll
0x00007ffcf1e00000 - 0x00007ffcf1e27000 	C:\WINDOWS\SYSTEM32\WINMM.dll
0x00007ffd080d0000 - 0x00007ffd0813b000 	C:\WINDOWS\System32\WS2_32.dll
0x00007ffd049e0000 - 0x00007ffd049f2000 	C:\WINDOWS\SYSTEM32\kernel.appcore.dll
0x00007ffcf1580000 - 0x00007ffcf158a000 	C:\Program Files\Java\jdk-20\bin\jimage.dll
0x00007ffd04270000 - 0x00007ffd04454000 	C:\WINDOWS\SYSTEM32\DBGHELP.DLL
0x00007ffcf7ff0000 - 0x00007ffcf8024000 	C:\WINDOWS\SYSTEM32\dbgcore.DLL
0x00007ffd070f0000 - 0x00007ffd07172000 	C:\WINDOWS\System32\bcryptPrimitives.dll
0x00007ffcce4c0000 - 0x00007ffcce4e6000 	C:\Program Files\Java\jdk-20\bin\java.dll

dbghelp: loaded successfully - version: 4.0.5 - missing functions: none
symbol engine: initialized successfully - sym options: 0x614 - pdb path: .;C:\Program Files\Java\jdk-20\bin;C:\WINDOWS\SYSTEM32;C:\WINDOWS\WinSxS\amd64_microsoft.windows.common-controls_6595b64144ccf1df_6.0.19041.1110_none_60b5254171f9507e;C:\Program Files\Java\jdk-20\bin\server

VM Arguments:
java_command: GUI.MainWindow
java_class_path (initial): C:\Users\Satriock\Documents\Code\study case\CASE-STUDY\target\classes
Launcher Type: SUN_STANDARD

[Global flags]
     intx CICompilerCount                          = 4                                         {product} {ergonomic}
     uint ConcGCThreads                            = 2                                         {product} {ergonomic}
     uint G1ConcRefinementThreads                  = 8                                         {product} {ergonomic}
   size_t G1HeapRegionSize                         = 1048576                                   {product} {ergonomic}
    uintx GCDrainStackTargetSize                   = 64                                        {product} {ergonomic}
   size_t InitialHeapSize                          = 134217728                                 {product} {ergonomic}
   size_t MarkStackSize                            = 4194304                                   {product} {ergonomic}
   size_t MaxHeapSize                              = 2118123520                                {product} {ergonomic}
   size_t MinHeapDeltaBytes                        = 1048576                                   {product} {ergonomic}
   size_t MinHeapSize                              = 8388608                                   {product} {ergonomic}
    uintx NonNMethodCodeHeapSize                   = 5839372                                {pd product} {ergonomic}
    uintx NonProfiledCodeHeapSize                  = 122909434                              {pd product} {ergonomic}
    uintx ProfiledCodeHeapSize                     = 122909434                              {pd product} {ergonomic}
    uintx ReservedCodeCacheSize                    = 251658240                              {pd product} {ergonomic}
     bool SegmentedCodeCache                       = true                                      {product} {ergonomic}
   size_t SoftMaxHeapSize                          = 2118123520                             {manageable} {ergonomic}
     bool UseCompressedClassPointers               = true                           {product lp64_product} {ergonomic}
     bool UseCompressedOops                        = true                           {product lp64_product} {ergonomic}
     bool UseG1GC                                  = true                                      {product} {ergonomic}
     bool UseLargePagesIndividualAllocation        = false                                  {pd product} {ergonomic}

Logging:
Log output configuration:
 #0: stdout all=warning uptime,level,tags foldmultilines=false
 #1: stderr all=off uptime,level,tags foldmultilines=false

Environment Variables:
JAVA_HOME=C:\Program Files\Java\jdk-20
PATH=C:\Program Files\Common Files\Oracle\Java\javapath;C:\Program Files (x86)\Common Files\Oracle\Java\javapath;C:\WINDOWS\system32;C:\WINDOWS;C:\WINDOWS\System32\Wbem;C:\WINDOWS\System32\WindowsPowerShell\v1.0\;C:\WINDOWS\System32\OpenSSH\;C:\Program Files (x86)\NVIDIA Corporation\PhysX\Common;C:\Program Files\NVIDIA Corporation\NVIDIA NvDLISR;C:\Program Files\Git\cmd;C:\Users\Satriock\AppData\Local\Microsoft\WindowsApps;C:\Users\Satriock\AppData\Local\Programs\Microsoft VS Code\bin;C:\Users\Satriock\AppData\Local\GitHubDesktop\bin
USERNAME=Satriock
OS=Windows_NT
PROCESSOR_IDENTIFIER=Intel64 Family 6 Model 142 Stepping 10, GenuineIntel
TMP=C:\Users\Satriock\AppData\Local\Temp
TEMP=C:\Users\Satriock\AppData\Local\Temp




---------------  S Y S T E M  ---------------

OS:
 Windows 10 , 64 bit Build 19041 (10.0.19041.2913)
OS uptime: 0 days 9:02 hours

CPU: total 8 (initial active 8) (4 cores per cpu, 2 threads per core) family 6 model 142 stepping 10 microcode 0xb4, cx8, cmov, fxsr, ht, mmx, 3dnowpref, sse, sse2, sse3, ssse3, sse4.1, sse4.2, popcnt, lzcnt, tsc, tscinvbit, avx, avx2, aes, erms, clmul, bmi1, bmi2, adx, fma, vzeroupper, clflush, clflushopt, rdtscp, f16c

Memory: 4k page, system-wide physical 8076M (500M free)
TotalPageFile size 16076M (AvailPageFile size 85M)
current process WorkingSet (physical memory assigned to process): 10M, peak: 10M
current process commit charge ("private bytes"): 60M, peak: 188M

vm_info: Java HotSpot(TM) 64-Bit Server VM (20.0.1+9-29) for windows-amd64 JRE (20.0.1+9-29), built on 2023-03-07T13:56:11Z by "mach5one" with MS VC++ 17.1 (VS2022)

END.
